<?xml version="1.0" encoding="UTF-8"?>
<testsuite xmlns:xsi="http://www.w3.org/2001/XMLSchema-instance" xsi:noNamespaceSchemaLocation="https://maven.apache.org/surefire/maven-surefire-plugin/xsd/surefire-test-report-3.0.xsd" version="3.0" name="LlamadasTest" time="0.854" tests="10" errors="0" skipped="0" failures="0">
  <properties>
    <property name="sun.desktop" value="windows"/>
    <property name="awt.toolkit" value="sun.awt.windows.WToolkit"/>
    <property name="file.encoding.pkg" value="sun.io"/>
    <property name="java.specification.version" value="1.8"/>
    <property name="sun.cpu.isalist" value="amd64"/>
    <property name="sun.jnu.encoding" value="Cp1252"/>
    <property name="java.class.path" value="C:\Users\Daniel\.m2\repository\org\apache\maven\surefire\surefire-booter\3.0.0-M3\surefire-booter-3.0.0-M3.jar;C:\Users\Daniel\.m2\repository\org\apache\maven\surefire\surefire-api\3.0.0-M3\surefire-api-3.0.0-M3.jar;C:\Users\Daniel\.m2\repository\org\apache\maven\surefire\surefire-logger-api\3.0.0-M3\surefire-logger-api-3.0.0-M3.jar;C:\EclipseWorkspace(AlMundo)\CallCenter\target\test-classes;C:\EclipseWorkspace(AlMundo)\CallCenter\target\classes;C:\Users\Daniel\.m2\repository\com\google\inject\guice\3.0\guice-3.0.jar;C:\Users\Daniel\.m2\repository\javax\inject\javax.inject\1\javax.inject-1.jar;C:\Users\Daniel\.m2\repository\aopalliance\aopalliance\1.0\aopalliance-1.0.jar;C:\Users\Daniel\.m2\repository\org\testng\testng\6.14.3\testng-6.14.3.jar;C:\Users\Daniel\.m2\repository\com\beust\jcommander\1.72\jcommander-1.72.jar;C:\Users\Daniel\.m2\repository\org\apache-extras\beanshell\bsh\2.0b6\bsh-2.0b6.jar;C:\Users\Daniel\.m2\repository\org\apache\maven\surefire\surefire-testng\3.0.0-M3\surefire-testng-3.0.0-M3.jar;C:\Users\Daniel\.m2\repository\org\apache\maven\surefire\common-java5\3.0.0-M3\common-java5-3.0.0-M3.jar;C:\Users\Daniel\.m2\repository\org\apache\maven\surefire\surefire-testng-utils\3.0.0-M3\surefire-testng-utils-3.0.0-M3.jar;C:\Users\Daniel\.m2\repository\org\apache\maven\surefire\surefire-grouper\3.0.0-M3\surefire-grouper-3.0.0-M3.jar"/>
    <property name="java.vm.vendor" value="Oracle Corporation"/>
    <property name="sun.arch.data.model" value="64"/>
    <property name="user.variant" value=""/>
    <property name="java.vendor.url" value="http://java.oracle.com/"/>
    <property name="user.timezone" value="America/Bogota"/>
    <property name="java.vm.specification.version" value="1.8"/>
    <property name="os.name" value="Windows 10"/>
    <property name="user.country" value="CO"/>
    <property name="sun.java.launcher" value="SUN_STANDARD"/>
    <property name="sun.boot.library.path" value="C:\Program Files\Java\jdk1.8.0_144\jre\bin"/>
    <property name="sun.java.command" value="org.apache.maven.surefire.booter.ForkedBooter C:\Users\Daniel\AppData\Local\Temp\surefire788745904807745423 2019-02-07T20-04-39_003-jvmRun1 surefire8824337426777692891tmp surefire_04368461735719962163tmp"/>
    <property name="surefire.test.class.path" value="C:\EclipseWorkspace(AlMundo)\CallCenter\target\test-classes;C:\EclipseWorkspace(AlMundo)\CallCenter\target\classes;C:\Users\Daniel\.m2\repository\com\google\inject\guice\3.0\guice-3.0.jar;C:\Users\Daniel\.m2\repository\javax\inject\javax.inject\1\javax.inject-1.jar;C:\Users\Daniel\.m2\repository\aopalliance\aopalliance\1.0\aopalliance-1.0.jar;C:\Users\Daniel\.m2\repository\org\testng\testng\6.14.3\testng-6.14.3.jar;C:\Users\Daniel\.m2\repository\com\beust\jcommander\1.72\jcommander-1.72.jar;C:\Users\Daniel\.m2\repository\org\apache-extras\beanshell\bsh\2.0b6\bsh-2.0b6.jar;"/>
    <property name="sun.cpu.endian" value="little"/>
    <property name="user.home" value="C:\Users\Daniel"/>
    <property name="user.language" value="es"/>
    <property name="java.specification.vendor" value="Oracle Corporation"/>
    <property name="java.home" value="C:\Program Files\Java\jdk1.8.0_144\jre"/>
    <property name="basedir" value="C:\EclipseWorkspace(AlMundo)\CallCenter"/>
    <property name="file.separator" value="\"/>
    <property name="line.separator" value="&#10;"/>
    <property name="java.vm.specification.vendor" value="Oracle Corporation"/>
    <property name="java.specification.name" value="Java Platform API Specification"/>
    <property name="java.awt.graphicsenv" value="sun.awt.Win32GraphicsEnvironment"/>
    <property name="sun.boot.class.path" value="C:\Program Files\Java\jdk1.8.0_144\jre\lib\resources.jar;C:\Program Files\Java\jdk1.8.0_144\jre\lib\rt.jar;C:\Program Files\Java\jdk1.8.0_144\jre\lib\sunrsasign.jar;C:\Program Files\Java\jdk1.8.0_144\jre\lib\jsse.jar;C:\Program Files\Java\jdk1.8.0_144\jre\lib\jce.jar;C:\Program Files\Java\jdk1.8.0_144\jre\lib\charsets.jar;C:\Program Files\Java\jdk1.8.0_144\jre\lib\jfr.jar;C:\Program Files\Java\jdk1.8.0_144\jre\classes"/>
    <property name="user.script" value=""/>
    <property name="sun.management.compiler" value="HotSpot 64-Bit Tiered Compilers"/>
    <property name="java.runtime.version" value="1.8.0_144-b01"/>
    <property name="java.net.preferIPv4Stack" value="true"/>
    <property name="user.name" value="Daniel"/>
    <property name="path.separator" value=";"/>
    <property name="os.version" value="10.0"/>
    <property name="java.endorsed.dirs" value="C:\Program Files\Java\jdk1.8.0_144\jre\lib\endorsed"/>
    <property name="java.runtime.name" value="Java(TM) SE Runtime Environment"/>
    <property name="file.encoding" value="Cp1252"/>
    <property name="java.vm.name" value="Java HotSpot(TM) 64-Bit Server VM"/>
    <property name="localRepository" value="C:\Users\Daniel\.m2\repository"/>
    <property name="java.vendor.url.bug" value="http://bugreport.sun.com/bugreport/"/>
    <property name="java.io.tmpdir" value="C:\Users\Daniel\AppData\Local\Temp\"/>
    <property name="java.version" value="1.8.0_144"/>
    <property name="user.dir" value="C:\EclipseWorkspace(AlMundo)\CallCenter"/>
    <property name="os.arch" value="amd64"/>
    <property name="java.vm.specification.name" value="Java Virtual Machine Specification"/>
    <property name="java.awt.printerjob" value="sun.awt.windows.WPrinterJob"/>
    <property name="sun.os.patch.level" value=""/>
    <property name="java.library.path" value="C:\Program Files\Java\jdk1.8.0_144\jre\bin;C:\Windows\Sun\Java\bin;C:\Windows\system32;C:\Windows;C:/Program Files/Java/jre1.8.0_144/bin/server;C:/Program Files/Java/jre1.8.0_144/bin;C:/Program Files/Java/jre1.8.0_144/lib/amd64;C:\Windows\system32;C:\Windows;C:\Windows\system32\Wbem;C:\ProgramData\Oracle\Java\javapath;C:\Windows\System32\WindowsPowerShell\v1.0\;C:\Program Files (x86)\Brackets\command;C:\Program Files\Git\cmd;C:\Program Files\Java\jdk1.8.0_144\bin;C:\Program Files\apache-maven-3.5.2\bin;C:\Program Files\gradle-4.4\bin;C:\Program Files\MySQL\MySQL Utilities 1.6\;C:\Program Files\dotnet\;C:\Program Files\Microsoft SQL Server\130\Tools\Binn\;C:\Program Files\PuTTY\;C:\Program Files\Microsoft VS Code\bin;C:\PostgreSQL\pg10\bin;C:\Program Files\nodejs\;C:\Users\Daniel\Anaconda3;C:\Users\Daniel\Anaconda3\Library\mingw-w64\bin;C:\Users\Daniel\Anaconda3\Library\usr\bin;C:\Users\Daniel\Anaconda3\Library\bin;C:\Users\Daniel\Anaconda3\Scripts;C:\Users\Daniel\AppData\Local\Microsoft\WindowsApps;C:\Program Files\Java\jdk1.8.0_144\bin;C:\Program Files\apache-maven-3.5.2\bin;C:\Users\Daniel\AppData\Roaming\npm;C:\Program Files\Docker Toolbox;C:\Users\Daniel\AppData\Local\atom\bin;C:\flutter-sdk\flutter\bin;C:\Users\Daniel\Desktop;;."/>
    <property name="java.vm.info" value="mixed mode"/>
    <property name="java.vendor" value="Oracle Corporation"/>
    <property name="java.vm.version" value="25.144-b01"/>
    <property name="java.ext.dirs" value="C:\Program Files\Java\jdk1.8.0_144\jre\lib\ext;C:\Windows\Sun\Java\lib\ext"/>
    <property name="sun.io.unicode.encoding" value="UnicodeLittle"/>
    <property name="java.class.version" value="52.0"/>
  </properties>
  <testcase name="debeComprobarQueElDistpacherPuedeManejarDiezLlamadas" classname="LlamadasTest" time="0.053"/>
  <testcase name="debeComprobarQueElDistpacherPuedeManejarDiezLlamadas" classname="LlamadasTest" time="0.054"/>
  <testcase name="debeComprobarQueElDistpacherPuedeManejarDiezLlamadas" classname="LlamadasTest" time="0.054"/>
  <testcase name="debeComprobarQueElDistpacherPuedeManejarDiezLlamadas" classname="LlamadasTest" time="0.054"/>
  <testcase name="debeComprobarQueElDistpacherPuedeManejarDiezLlamadas" classname="LlamadasTest" time="0.054"/>
  <testcase name="debeComprobarQueElDistpacherPuedeManejarDiezLlamadas" classname="LlamadasTest" time="0.054"/>
  <testcase name="debeComprobarQueElDistpacherPuedeManejarDiezLlamadas" classname="LlamadasTest" time="0.054"/>
  <testcase name="debeComprobarQueElDistpacherPuedeManejarDiezLlamadas" classname="LlamadasTest" time="0.054"/>
  <testcase name="debeComprobarQueElDistpacherPuedeManejarDiezLlamadas" classname="LlamadasTest" time="0.054"/>
  <testcase name="debeComprobarQueElDistpacherPuedeManejarDiezLlamadas" classname="LlamadasTest" time="0.054"/>
</testsuite>