<?xml version="1.0" encoding="UTF-8"?>
<!-- Generated by org.testng.reporters.JUnitReportReporter -->
<testsuite skipped="0" hostname="DESKTOP-4OD1DI5" name="LlamadasTest" tests="40" failures="0" timestamp="10 feb 2019 05:55:16 GMT" time="158.411" errors="0">
  <testcase name="pruebaUnoDebeComprobarQueElDistpacherPuedeManejarDiezLlamadas" time="0.058" classname="LlamadasTest"/>
  <testcase name="pruebaUnoDebeComprobarQueElDistpacherPuedeManejarDiezLlamadas" time="0.061" classname="LlamadasTest"/>
  <testcase name="pruebaUnoDebeComprobarQueElDistpacherPuedeManejarDiezLlamadas" time="0.060" classname="LlamadasTest"/>
  <testcase name="pruebaUnoDebeComprobarQueElDistpacherPuedeManejarDiezLlamadas" time="0.062" classname="LlamadasTest"/>
  <testcase name="pruebaUnoDebeComprobarQueElDistpacherPuedeManejarDiezLlamadas" time="0.060" classname="LlamadasTest"/>
  <testcase name="pruebaUnoDebeComprobarQueElDistpacherPuedeManejarDiezLlamadas" time="0.060" classname="LlamadasTest"/>
  <testcase name="pruebaUnoDebeComprobarQueElDistpacherPuedeManejarDiezLlamadas" time="0.059" classname="LlamadasTest"/>
  <testcase name="pruebaUnoDebeComprobarQueElDistpacherPuedeManejarDiezLlamadas" time="0.068" classname="LlamadasTest"/>
  <testcase name="pruebaUnoDebeComprobarQueElDistpacherPuedeManejarDiezLlamadas" time="0.058" classname="LlamadasTest"/>
  <testcase name="pruebaUnoDebeComprobarQueElDistpacherPuedeManejarDiezLlamadas" time="0.060" classname="LlamadasTest"/>
  <testcase name="pruebaDosComprobarQueElDistpacherPuedeManejarMasDeDiezLlamadas" time="8.043" classname="LlamadasTest"/>
  <testcase name="pruebaDosComprobarQueElDistpacherPuedeManejarMasDeDiezLlamadas" time="9.034" classname="LlamadasTest"/>
  <testcase name="pruebaDosComprobarQueElDistpacherPuedeManejarMasDeDiezLlamadas" time="0.025" classname="LlamadasTest"/>
  <testcase name="pruebaDosComprobarQueElDistpacherPuedeManejarMasDeDiezLlamadas" time="0.020" classname="LlamadasTest"/>
  <testcase name="pruebaDosComprobarQueElDistpacherPuedeManejarMasDeDiezLlamadas" time="0.022" classname="LlamadasTest"/>
  <testcase name="pruebaDosComprobarQueElDistpacherPuedeManejarMasDeDiezLlamadas" time="0.002" classname="LlamadasTest"/>
  <testcase name="pruebaDosComprobarQueElDistpacherPuedeManejarMasDeDiezLlamadas" time="16.039" classname="LlamadasTest"/>
  <testcase name="pruebaDosComprobarQueElDistpacherPuedeManejarMasDeDiezLlamadas" time="0.019" classname="LlamadasTest"/>
  <testcase name="pruebaDosComprobarQueElDistpacherPuedeManejarMasDeDiezLlamadas" time="4.028" classname="LlamadasTest"/>
  <testcase name="pruebaDosComprobarQueElDistpacherPuedeManejarMasDeDiezLlamadas" time="0.008" classname="LlamadasTest"/>
  <testcase name="pruebaDosComprobarQueElDistpacherPuedeManejarMasDeDiezLlamadas" time="10.043" classname="LlamadasTest"/>
  <testcase name="pruebaDosComprobarQueElDistpacherPuedeManejarMasDeDiezLlamadas" time="0.023" classname="LlamadasTest"/>
  <testcase name="pruebaDosComprobarQueElDistpacherPuedeManejarMasDeDiezLlamadas" time="8.033" classname="LlamadasTest"/>
  <testcase name="pruebaDosComprobarQueElDistpacherPuedeManejarMasDeDiezLlamadas" time="0.007" classname="LlamadasTest"/>
  <testcase name="pruebaDosComprobarQueElDistpacherPuedeManejarMasDeDiezLlamadas" time="11.037" classname="LlamadasTest"/>
  <testcase name="pruebaDosComprobarQueElDistpacherPuedeManejarMasDeDiezLlamadas" time="0.003" classname="LlamadasTest"/>
  <testcase name="pruebaDosComprobarQueElDistpacherPuedeManejarMasDeDiezLlamadas" time="0.021" classname="LlamadasTest"/>
  <testcase name="pruebaDosComprobarQueElDistpacherPuedeManejarMasDeDiezLlamadas" time="0.021" classname="LlamadasTest"/>
  <testcase name="pruebaDosComprobarQueElDistpacherPuedeManejarMasDeDiezLlamadas" time="7.043" classname="LlamadasTest"/>
  <testcase name="pruebaDosComprobarQueElDistpacherPuedeManejarMasDeDiezLlamadas" time="0.015" classname="LlamadasTest"/>
  <testcase name="pruebaDosComprobarQueElDistpacherPuedeManejarMasDeDiezLlamadas" time="11.041" classname="LlamadasTest"/>
  <testcase name="pruebaDosComprobarQueElDistpacherPuedeManejarMasDeDiezLlamadas" time="0.006" classname="LlamadasTest"/>
  <testcase name="pruebaDosComprobarQueElDistpacherPuedeManejarMasDeDiezLlamadas" time="11.037" classname="LlamadasTest"/>
  <testcase name="pruebaDosComprobarQueElDistpacherPuedeManejarMasDeDiezLlamadas" time="14.040" classname="LlamadasTest"/>
  <testcase name="pruebaDosComprobarQueElDistpacherPuedeManejarMasDeDiezLlamadas" time="8.041" classname="LlamadasTest"/>
  <testcase name="pruebaDosComprobarQueElDistpacherPuedeManejarMasDeDiezLlamadas" time="16.044" classname="LlamadasTest"/>
  <testcase name="pruebaDosComprobarQueElDistpacherPuedeManejarMasDeDiezLlamadas" time="0.007" classname="LlamadasTest"/>
  <testcase name="pruebaDosComprobarQueElDistpacherPuedeManejarMasDeDiezLlamadas" time="10.036" classname="LlamadasTest"/>
  <testcase name="pruebaDosComprobarQueElDistpacherPuedeManejarMasDeDiezLlamadas" time="0.029" classname="LlamadasTest"/>
  <testcase name="pruebaDosComprobarQueElDistpacherPuedeManejarMasDeDiezLlamadas" time="14.038" classname="LlamadasTest"/>
</testsuite> <!-- LlamadasTest -->
