<?xml version="1.0" encoding="UTF-8"?>
<!-- Generated by org.testng.reporters.JUnitReportReporter -->
<testsuite skipped="0" hostname="DESKTOP-4OD1DI5" name="LlamadasTest" tests="10" failures="0" timestamp="08 feb 2019 05:27:11 GMT" time="0.152" errors="0">
  <testcase name="debeComprobarQueElDistpacherPuedeManejarDiezLlamadas" time="0.018" classname="LlamadasTest"/>
  <testcase name="debeComprobarQueElDistpacherPuedeManejarDiezLlamadas" time="0.010" classname="LlamadasTest"/>
  <testcase name="debeComprobarQueElDistpacherPuedeManejarDiezLlamadas" time="0.009" classname="LlamadasTest"/>
  <testcase name="debeComprobarQueElDistpacherPuedeManejarDiezLlamadas" time="0.010" classname="LlamadasTest"/>
  <testcase name="debeComprobarQueElDistpacherPuedeManejarDiezLlamadas" time="0.012" classname="LlamadasTest"/>
  <testcase name="debeComprobarQueElDistpacherPuedeManejarDiezLlamadas" time="0.020" classname="LlamadasTest"/>
  <testcase name="debeComprobarQueElDistpacherPuedeManejarDiezLlamadas" time="0.024" classname="LlamadasTest"/>
  <testcase name="debeComprobarQueElDistpacherPuedeManejarDiezLlamadas" time="0.026" classname="LlamadasTest"/>
  <testcase name="debeComprobarQueElDistpacherPuedeManejarDiezLlamadas" time="0.009" classname="LlamadasTest"/>
  <testcase name="debeComprobarQueElDistpacherPuedeManejarDiezLlamadas" time="0.014" classname="LlamadasTest"/>
</testsuite> <!-- LlamadasTest -->
