<?xml version="1.0" encoding="UTF-8"?>
<!-- Generated by org.testng.reporters.JUnitReportReporter -->
<testsuite skipped="0" hostname="DESKTOP-4OD1DI5" name="LlamadasTest" tests="40" failures="0" timestamp="12 feb 2019 15:54:31 GMT" time="485.469" errors="0">
  <testcase name="pruebaUnoDebeComprobarQueElDistpacherPuedeManejarDiezLlamadas" time="0.066" classname="LlamadasTest"/>
  <testcase name="pruebaUnoDebeComprobarQueElDistpacherPuedeManejarDiezLlamadas" time="0.074" classname="LlamadasTest"/>
  <testcase name="pruebaUnoDebeComprobarQueElDistpacherPuedeManejarDiezLlamadas" time="0.068" classname="LlamadasTest"/>
  <testcase name="pruebaUnoDebeComprobarQueElDistpacherPuedeManejarDiezLlamadas" time="0.075" classname="LlamadasTest"/>
  <testcase name="pruebaUnoDebeComprobarQueElDistpacherPuedeManejarDiezLlamadas" time="0.066" classname="LlamadasTest"/>
  <testcase name="pruebaUnoDebeComprobarQueElDistpacherPuedeManejarDiezLlamadas" time="0.073" classname="LlamadasTest"/>
  <testcase name="pruebaUnoDebeComprobarQueElDistpacherPuedeManejarDiezLlamadas" time="0.070" classname="LlamadasTest"/>
  <testcase name="pruebaUnoDebeComprobarQueElDistpacherPuedeManejarDiezLlamadas" time="0.066" classname="LlamadasTest"/>
  <testcase name="pruebaUnoDebeComprobarQueElDistpacherPuedeManejarDiezLlamadas" time="0.071" classname="LlamadasTest"/>
  <testcase name="pruebaUnoDebeComprobarQueElDistpacherPuedeManejarDiezLlamadas" time="0.072" classname="LlamadasTest"/>
  <testcase name="pruebaDosComprobarQueElDistpacherPuedeManejarMasDeDiezLlamadas" time="22.042" classname="LlamadasTest"/>
  <testcase name="pruebaDosComprobarQueElDistpacherPuedeManejarMasDeDiezLlamadas" time="6.007" classname="LlamadasTest"/>
  <testcase name="pruebaDosComprobarQueElDistpacherPuedeManejarMasDeDiezLlamadas" time="8.008" classname="LlamadasTest"/>
  <testcase name="pruebaDosComprobarQueElDistpacherPuedeManejarMasDeDiezLlamadas" time="10.010" classname="LlamadasTest"/>
  <testcase name="pruebaDosComprobarQueElDistpacherPuedeManejarMasDeDiezLlamadas" time="11.010" classname="LlamadasTest"/>
  <testcase name="pruebaDosComprobarQueElDistpacherPuedeManejarMasDeDiezLlamadas" time="16.008" classname="LlamadasTest"/>
  <testcase name="pruebaDosComprobarQueElDistpacherPuedeManejarMasDeDiezLlamadas" time="17.006" classname="LlamadasTest"/>
  <testcase name="pruebaDosComprobarQueElDistpacherPuedeManejarMasDeDiezLlamadas" time="20.031" classname="LlamadasTest"/>
  <testcase name="pruebaDosComprobarQueElDistpacherPuedeManejarMasDeDiezLlamadas" time="23.052" classname="LlamadasTest"/>
  <testcase name="pruebaDosComprobarQueElDistpacherPuedeManejarMasDeDiezLlamadas" time="6.009" classname="LlamadasTest"/>
  <testcase name="pruebaDosComprobarQueElDistpacherPuedeManejarMasDeDiezLlamadas" time="7.006" classname="LlamadasTest"/>
  <testcase name="pruebaDosComprobarQueElDistpacherPuedeManejarMasDeDiezLlamadas" time="16.035" classname="LlamadasTest"/>
  <testcase name="pruebaDosComprobarQueElDistpacherPuedeManejarMasDeDiezLlamadas" time="20.038" classname="LlamadasTest"/>
  <testcase name="pruebaDosComprobarQueElDistpacherPuedeManejarMasDeDiezLlamadas" time="7.007" classname="LlamadasTest"/>
  <testcase name="pruebaDosComprobarQueElDistpacherPuedeManejarMasDeDiezLlamadas" time="17.000" classname="LlamadasTest"/>
  <testcase name="pruebaDosComprobarQueElDistpacherPuedeManejarMasDeDiezLlamadas" time="26.065" classname="LlamadasTest"/>
  <testcase name="pruebaDosComprobarQueElDistpacherPuedeManejarMasDeDiezLlamadas" time="18.016" classname="LlamadasTest"/>
  <testcase name="pruebaDosComprobarQueElDistpacherPuedeManejarMasDeDiezLlamadas" time="23.050" classname="LlamadasTest"/>
  <testcase name="pruebaDosComprobarQueElDistpacherPuedeManejarMasDeDiezLlamadas" time="4.009" classname="LlamadasTest"/>
  <testcase name="pruebaDosComprobarQueElDistpacherPuedeManejarMasDeDiezLlamadas" time="23.046" classname="LlamadasTest"/>
  <testcase name="pruebaDosComprobarQueElDistpacherPuedeManejarMasDeDiezLlamadas" time="26.062" classname="LlamadasTest"/>
  <testcase name="pruebaDosComprobarQueElDistpacherPuedeManejarMasDeDiezLlamadas" time="8.006" classname="LlamadasTest"/>
  <testcase name="pruebaDosComprobarQueElDistpacherPuedeManejarMasDeDiezLlamadas" time="9.007" classname="LlamadasTest"/>
  <testcase name="pruebaDosComprobarQueElDistpacherPuedeManejarMasDeDiezLlamadas" time="19.019" classname="LlamadasTest"/>
  <testcase name="pruebaDosComprobarQueElDistpacherPuedeManejarMasDeDiezLlamadas" time="11.008" classname="LlamadasTest"/>
  <testcase name="pruebaDosComprobarQueElDistpacherPuedeManejarMasDeDiezLlamadas" time="26.055" classname="LlamadasTest"/>
  <testcase name="pruebaDosComprobarQueElDistpacherPuedeManejarMasDeDiezLlamadas" time="27.069" classname="LlamadasTest"/>
  <testcase name="pruebaDosComprobarQueElDistpacherPuedeManejarMasDeDiezLlamadas" time="19.025" classname="LlamadasTest"/>
  <testcase name="pruebaDosComprobarQueElDistpacherPuedeManejarMasDeDiezLlamadas" time="13.005" classname="LlamadasTest"/>
  <testcase name="pruebaDosComprobarQueElDistpacherPuedeManejarMasDeDiezLlamadas" time="26.057" classname="LlamadasTest"/>
</testsuite> <!-- LlamadasTest -->
