<?xml version="1.0" encoding="UTF-8"?>
<!-- Generated by org.testng.reporters.JUnitReportReporter -->
<testsuite skipped="0" hostname="DESKTOP-4OD1DI5" name="LlamadasTest" tests="40" failures="0" timestamp="10 feb 2019 17:15:01 GMT" time="61.131" errors="0">
  <testcase name="pruebaUnoDebeComprobarQueElDistpacherPuedeManejarDiezLlamadas" time="0.062" classname="LlamadasTest"/>
  <testcase name="pruebaUnoDebeComprobarQueElDistpacherPuedeManejarDiezLlamadas" time="0.067" classname="LlamadasTest"/>
  <testcase name="pruebaUnoDebeComprobarQueElDistpacherPuedeManejarDiezLlamadas" time="0.064" classname="LlamadasTest"/>
  <testcase name="pruebaUnoDebeComprobarQueElDistpacherPuedeManejarDiezLlamadas" time="0.066" classname="LlamadasTest"/>
  <testcase name="pruebaUnoDebeComprobarQueElDistpacherPuedeManejarDiezLlamadas" time="0.061" classname="LlamadasTest"/>
  <testcase name="pruebaUnoDebeComprobarQueElDistpacherPuedeManejarDiezLlamadas" time="0.059" classname="LlamadasTest"/>
  <testcase name="pruebaUnoDebeComprobarQueElDistpacherPuedeManejarDiezLlamadas" time="0.066" classname="LlamadasTest"/>
  <testcase name="pruebaUnoDebeComprobarQueElDistpacherPuedeManejarDiezLlamadas" time="0.066" classname="LlamadasTest"/>
  <testcase name="pruebaUnoDebeComprobarQueElDistpacherPuedeManejarDiezLlamadas" time="0.074" classname="LlamadasTest"/>
  <testcase name="pruebaUnoDebeComprobarQueElDistpacherPuedeManejarDiezLlamadas" time="0.068" classname="LlamadasTest"/>
  <testcase name="pruebaDosComprobarQueElDistpacherPuedeManejarMasDeDiezLlamadas" time="0.008" classname="LlamadasTest"/>
  <testcase name="pruebaDosComprobarQueElDistpacherPuedeManejarMasDeDiezLlamadas" time="0.070" classname="LlamadasTest"/>
  <testcase name="pruebaDosComprobarQueElDistpacherPuedeManejarMasDeDiezLlamadas" time="0.005" classname="LlamadasTest"/>
  <testcase name="pruebaDosComprobarQueElDistpacherPuedeManejarMasDeDiezLlamadas" time="0.041" classname="LlamadasTest"/>
  <testcase name="pruebaDosComprobarQueElDistpacherPuedeManejarMasDeDiezLlamadas" time="0.058" classname="LlamadasTest"/>
  <testcase name="pruebaDosComprobarQueElDistpacherPuedeManejarMasDeDiezLlamadas" time="6.099" classname="LlamadasTest"/>
  <testcase name="pruebaDosComprobarQueElDistpacherPuedeManejarMasDeDiezLlamadas" time="0.019" classname="LlamadasTest"/>
  <testcase name="pruebaDosComprobarQueElDistpacherPuedeManejarMasDeDiezLlamadas" time="0.005" classname="LlamadasTest"/>
  <testcase name="pruebaDosComprobarQueElDistpacherPuedeManejarMasDeDiezLlamadas" time="0.002" classname="LlamadasTest"/>
  <testcase name="pruebaDosComprobarQueElDistpacherPuedeManejarMasDeDiezLlamadas" time="8.085" classname="LlamadasTest"/>
  <testcase name="pruebaDosComprobarQueElDistpacherPuedeManejarMasDeDiezLlamadas" time="0.066" classname="LlamadasTest"/>
  <testcase name="pruebaDosComprobarQueElDistpacherPuedeManejarMasDeDiezLlamadas" time="7.082" classname="LlamadasTest"/>
  <testcase name="pruebaDosComprobarQueElDistpacherPuedeManejarMasDeDiezLlamadas" time="0.052" classname="LlamadasTest"/>
  <testcase name="pruebaDosComprobarQueElDistpacherPuedeManejarMasDeDiezLlamadas" time="0.004" classname="LlamadasTest"/>
  <testcase name="pruebaDosComprobarQueElDistpacherPuedeManejarMasDeDiezLlamadas" time="0.004" classname="LlamadasTest"/>
  <testcase name="pruebaDosComprobarQueElDistpacherPuedeManejarMasDeDiezLlamadas" time="0.026" classname="LlamadasTest"/>
  <testcase name="pruebaDosComprobarQueElDistpacherPuedeManejarMasDeDiezLlamadas" time="0.054" classname="LlamadasTest"/>
  <testcase name="pruebaDosComprobarQueElDistpacherPuedeManejarMasDeDiezLlamadas" time="0.057" classname="LlamadasTest"/>
  <testcase name="pruebaDosComprobarQueElDistpacherPuedeManejarMasDeDiezLlamadas" time="0.066" classname="LlamadasTest"/>
  <testcase name="pruebaDosComprobarQueElDistpacherPuedeManejarMasDeDiezLlamadas" time="0.034" classname="LlamadasTest"/>
  <testcase name="pruebaDosComprobarQueElDistpacherPuedeManejarMasDeDiezLlamadas" time="8.081" classname="LlamadasTest"/>
  <testcase name="pruebaDosComprobarQueElDistpacherPuedeManejarMasDeDiezLlamadas" time="6.103" classname="LlamadasTest"/>
  <testcase name="pruebaDosComprobarQueElDistpacherPuedeManejarMasDeDiezLlamadas" time="7.084" classname="LlamadasTest"/>
  <testcase name="pruebaDosComprobarQueElDistpacherPuedeManejarMasDeDiezLlamadas" time="0.038" classname="LlamadasTest"/>
  <testcase name="pruebaDosComprobarQueElDistpacherPuedeManejarMasDeDiezLlamadas" time="4.080" classname="LlamadasTest"/>
  <testcase name="pruebaDosComprobarQueElDistpacherPuedeManejarMasDeDiezLlamadas" time="7.081" classname="LlamadasTest"/>
  <testcase name="pruebaDosComprobarQueElDistpacherPuedeManejarMasDeDiezLlamadas" time="6.110" classname="LlamadasTest"/>
  <testcase name="pruebaDosComprobarQueElDistpacherPuedeManejarMasDeDiezLlamadas" time="0.009" classname="LlamadasTest"/>
  <testcase name="pruebaDosComprobarQueElDistpacherPuedeManejarMasDeDiezLlamadas" time="0.040" classname="LlamadasTest"/>
  <testcase name="pruebaDosComprobarQueElDistpacherPuedeManejarMasDeDiezLlamadas" time="0.015" classname="LlamadasTest"/>
</testsuite> <!-- LlamadasTest -->
