<?xml version="1.0" encoding="UTF-8"?>
<!-- Generated by org.testng.reporters.JUnitReportReporter -->
<testsuite skipped="0" hostname="DESKTOP-4OD1DI5" name="LlamadasTest" tests="40" failures="0" timestamp="10 feb 2019 14:36:27 GMT" time="112.091" errors="0">
  <testcase name="pruebaUnoDebeComprobarQueElDistpacherPuedeManejarDiezLlamadas" time="0.102" classname="LlamadasTest"/>
  <testcase name="pruebaUnoDebeComprobarQueElDistpacherPuedeManejarDiezLlamadas" time="0.081" classname="LlamadasTest"/>
  <testcase name="pruebaUnoDebeComprobarQueElDistpacherPuedeManejarDiezLlamadas" time="0.103" classname="LlamadasTest"/>
  <testcase name="pruebaUnoDebeComprobarQueElDistpacherPuedeManejarDiezLlamadas" time="0.106" classname="LlamadasTest"/>
  <testcase name="pruebaUnoDebeComprobarQueElDistpacherPuedeManejarDiezLlamadas" time="0.102" classname="LlamadasTest"/>
  <testcase name="pruebaUnoDebeComprobarQueElDistpacherPuedeManejarDiezLlamadas" time="0.105" classname="LlamadasTest"/>
  <testcase name="pruebaUnoDebeComprobarQueElDistpacherPuedeManejarDiezLlamadas" time="0.100" classname="LlamadasTest"/>
  <testcase name="pruebaUnoDebeComprobarQueElDistpacherPuedeManejarDiezLlamadas" time="0.102" classname="LlamadasTest"/>
  <testcase name="pruebaUnoDebeComprobarQueElDistpacherPuedeManejarDiezLlamadas" time="0.104" classname="LlamadasTest"/>
  <testcase name="pruebaUnoDebeComprobarQueElDistpacherPuedeManejarDiezLlamadas" time="0.105" classname="LlamadasTest"/>
  <testcase name="pruebaDosComprobarQueElDistpacherPuedeManejarMasDeDiezLlamadas" time="15.179" classname="LlamadasTest"/>
  <testcase name="pruebaDosComprobarQueElDistpacherPuedeManejarMasDeDiezLlamadas" time="9.148" classname="LlamadasTest"/>
  <testcase name="pruebaDosComprobarQueElDistpacherPuedeManejarMasDeDiezLlamadas" time="0.005" classname="LlamadasTest"/>
  <testcase name="pruebaDosComprobarQueElDistpacherPuedeManejarMasDeDiezLlamadas" time="6.168" classname="LlamadasTest"/>
  <testcase name="pruebaDosComprobarQueElDistpacherPuedeManejarMasDeDiezLlamadas" time="0.066" classname="LlamadasTest"/>
  <testcase name="pruebaDosComprobarQueElDistpacherPuedeManejarMasDeDiezLlamadas" time="0.012" classname="LlamadasTest"/>
  <testcase name="pruebaDosComprobarQueElDistpacherPuedeManejarMasDeDiezLlamadas" time="10.151" classname="LlamadasTest"/>
  <testcase name="pruebaDosComprobarQueElDistpacherPuedeManejarMasDeDiezLlamadas" time="0.002" classname="LlamadasTest"/>
  <testcase name="pruebaDosComprobarQueElDistpacherPuedeManejarMasDeDiezLlamadas" time="11.163" classname="LlamadasTest"/>
  <testcase name="pruebaDosComprobarQueElDistpacherPuedeManejarMasDeDiezLlamadas" time="0.004" classname="LlamadasTest"/>
  <testcase name="pruebaDosComprobarQueElDistpacherPuedeManejarMasDeDiezLlamadas" time="0.001" classname="LlamadasTest"/>
  <testcase name="pruebaDosComprobarQueElDistpacherPuedeManejarMasDeDiezLlamadas" time="0.027" classname="LlamadasTest"/>
  <testcase name="pruebaDosComprobarQueElDistpacherPuedeManejarMasDeDiezLlamadas" time="0.024" classname="LlamadasTest"/>
  <testcase name="pruebaDosComprobarQueElDistpacherPuedeManejarMasDeDiezLlamadas" time="0.026" classname="LlamadasTest"/>
  <testcase name="pruebaDosComprobarQueElDistpacherPuedeManejarMasDeDiezLlamadas" time="4.066" classname="LlamadasTest"/>
  <testcase name="pruebaDosComprobarQueElDistpacherPuedeManejarMasDeDiezLlamadas" time="0.001" classname="LlamadasTest"/>
  <testcase name="pruebaDosComprobarQueElDistpacherPuedeManejarMasDeDiezLlamadas" time="9.149" classname="LlamadasTest"/>
  <testcase name="pruebaDosComprobarQueElDistpacherPuedeManejarMasDeDiezLlamadas" time="0.003" classname="LlamadasTest"/>
  <testcase name="pruebaDosComprobarQueElDistpacherPuedeManejarMasDeDiezLlamadas" time="0.013" classname="LlamadasTest"/>
  <testcase name="pruebaDosComprobarQueElDistpacherPuedeManejarMasDeDiezLlamadas" time="11.166" classname="LlamadasTest"/>
  <testcase name="pruebaDosComprobarQueElDistpacherPuedeManejarMasDeDiezLlamadas" time="0.013" classname="LlamadasTest"/>
  <testcase name="pruebaDosComprobarQueElDistpacherPuedeManejarMasDeDiezLlamadas" time="0.006" classname="LlamadasTest"/>
  <testcase name="pruebaDosComprobarQueElDistpacherPuedeManejarMasDeDiezLlamadas" time="0.010" classname="LlamadasTest"/>
  <testcase name="pruebaDosComprobarQueElDistpacherPuedeManejarMasDeDiezLlamadas" time="11.164" classname="LlamadasTest"/>
  <testcase name="pruebaDosComprobarQueElDistpacherPuedeManejarMasDeDiezLlamadas" time="7.188" classname="LlamadasTest"/>
  <testcase name="pruebaDosComprobarQueElDistpacherPuedeManejarMasDeDiezLlamadas" time="0.016" classname="LlamadasTest"/>
  <testcase name="pruebaDosComprobarQueElDistpacherPuedeManejarMasDeDiezLlamadas" time="9.148" classname="LlamadasTest"/>
  <testcase name="pruebaDosComprobarQueElDistpacherPuedeManejarMasDeDiezLlamadas" time="7.135" classname="LlamadasTest"/>
  <testcase name="pruebaDosComprobarQueElDistpacherPuedeManejarMasDeDiezLlamadas" time="0.009" classname="LlamadasTest"/>
  <testcase name="pruebaDosComprobarQueElDistpacherPuedeManejarMasDeDiezLlamadas" time="0.018" classname="LlamadasTest"/>
</testsuite> <!-- LlamadasTest -->
