<?xml version="1.0" encoding="UTF-8"?>
<!-- Generated by org.testng.reporters.JUnitReportReporter -->
<testsuite skipped="0" hostname="DESKTOP-4OD1DI5" name="LlamadasTest" tests="15" failures="0" timestamp="10 feb 2019 00:25:57 GMT" time="69.122" errors="0">
  <testcase name="debeComprobarQueElDistpacherPuedeManejarTodasLasLlamadasEntrantes" time="10.083" classname="LlamadasTest"/>
  <testcase name="debeComprobarQueElDistpacherPuedeManejarTodasLasLlamadasEntrantes" time="9.082" classname="LlamadasTest"/>
  <testcase name="debeComprobarQueElDistpacherPuedeManejarTodasLasLlamadasEntrantes" time="0.069" classname="LlamadasTest"/>
  <testcase name="debeComprobarQueElDistpacherPuedeManejarTodasLasLlamadasEntrantes" time="0.069" classname="LlamadasTest"/>
  <testcase name="debeComprobarQueElDistpacherPuedeManejarTodasLasLlamadasEntrantes" time="0.068" classname="LlamadasTest"/>
  <testcase name="debeComprobarQueElDistpacherPuedeManejarTodasLasLlamadasEntrantes" time="0.068" classname="LlamadasTest"/>
  <testcase name="debeComprobarQueElDistpacherPuedeManejarTodasLasLlamadasEntrantes" time="0.068" classname="LlamadasTest"/>
  <testcase name="debeComprobarQueElDistpacherPuedeManejarTodasLasLlamadasEntrantes" time="6.073" classname="LlamadasTest"/>
  <testcase name="debeComprobarQueElDistpacherPuedeManejarTodasLasLlamadasEntrantes" time="11.084" classname="LlamadasTest"/>
  <testcase name="debeComprobarQueElDistpacherPuedeManejarTodasLasLlamadasEntrantes" time="10.084" classname="LlamadasTest"/>
  <testcase name="debeComprobarQueElDistpacherPuedeManejarTodasLasLlamadasEntrantes" time="9.081" classname="LlamadasTest"/>
  <testcase name="debeComprobarQueElDistpacherPuedeManejarTodasLasLlamadasEntrantes" time="0.069" classname="LlamadasTest"/>
  <testcase name="debeComprobarQueElDistpacherPuedeManejarTodasLasLlamadasEntrantes" time="0.069" classname="LlamadasTest"/>
  <testcase name="debeComprobarQueElDistpacherPuedeManejarTodasLasLlamadasEntrantes" time="4.072" classname="LlamadasTest"/>
  <testcase name="debeComprobarQueElDistpacherPuedeManejarTodasLasLlamadasEntrantes" time="9.083" classname="LlamadasTest"/>
</testsuite> <!-- LlamadasTest -->
