<?xml version="1.0" encoding="UTF-8"?>
<!-- Generated by org.testng.reporters.JUnitReportReporter -->
<testsuite skipped="0" hostname="DESKTOP-4OD1DI5" name="NewTest" tests="10" failures="0" timestamp="11 feb 2019 15:55:06 GMT" time="0.085" errors="0">
  <testcase name="methodOne" time="0.016" classname="NewTest"/>
  <testcase name="methodTwo" time="0.005" classname="NewTest"/>
  <testcase name="methodTwo" time="0.004" classname="NewTest"/>
  <testcase name="methodOne" time="0.008" classname="NewTest"/>
  <testcase name="methodTwo" time="0.003" classname="NewTest"/>
  <testcase name="methodOne" time="0.016" classname="NewTest"/>
  <testcase name="methodTwo" time="0.002" classname="NewTest"/>
  <testcase name="methodTwo" time="0.010" classname="NewTest"/>
  <testcase name="methodOne" time="0.010" classname="NewTest"/>
  <testcase name="methodOne" time="0.011" classname="NewTest"/>
</testsuite> <!-- NewTest -->
