<?xml version="1.0" encoding="UTF-8"?>
<!-- Generated by org.testng.reporters.JUnitReportReporter -->
<testsuite skipped="0" hostname="DESKTOP-4OD1DI5" name="LlamadasTest" tests="10" failures="0" timestamp="08 feb 2019 01:04:40 GMT" time="0.511" errors="0">
  <testcase name="debeComprobarQueElDistpacherPuedeManejarDiezLlamadas" time="0.051" classname="LlamadasTest"/>
  <testcase name="debeComprobarQueElDistpacherPuedeManejarDiezLlamadas" time="0.051" classname="LlamadasTest"/>
  <testcase name="debeComprobarQueElDistpacherPuedeManejarDiezLlamadas" time="0.051" classname="LlamadasTest"/>
  <testcase name="debeComprobarQueElDistpacherPuedeManejarDiezLlamadas" time="0.052" classname="LlamadasTest"/>
  <testcase name="debeComprobarQueElDistpacherPuedeManejarDiezLlamadas" time="0.051" classname="LlamadasTest"/>
  <testcase name="debeComprobarQueElDistpacherPuedeManejarDiezLlamadas" time="0.051" classname="LlamadasTest"/>
  <testcase name="debeComprobarQueElDistpacherPuedeManejarDiezLlamadas" time="0.051" classname="LlamadasTest"/>
  <testcase name="debeComprobarQueElDistpacherPuedeManejarDiezLlamadas" time="0.051" classname="LlamadasTest"/>
  <testcase name="debeComprobarQueElDistpacherPuedeManejarDiezLlamadas" time="0.051" classname="LlamadasTest"/>
  <testcase name="debeComprobarQueElDistpacherPuedeManejarDiezLlamadas" time="0.051" classname="LlamadasTest"/>
</testsuite> <!-- LlamadasTest -->
